Portas OK

Usuário do Protheus presente na sessão [RESTCONFIG]: user

Encontrado um portal em [localhost:8084/ws127]
path: c:\totvs 12\p1217\p127_gc_eq\web\ws127
ENABLE: 1
ENVIRONMENT: p127_bra

Encontrado um portal em [spod2716.sp01.local:8084/t1]
path: c:\rh_novo\web\app\rh
ENABLE: 1
ENVIRONMENT: prod

Encontrado um portal em [spod2716.sp01.local:8084/t2]
path: c:\rh_novo\web\app\rh
ENABLE: 1
ENVIRONMENT: p127_bra

Encontrado um rest em [httpenv1]
URL: /restt1
Prepare: t1
CORSEnable: 1
AllowOrigin: *

Encontrado um rest em [httpenv2]
URL: /restt2
Prepare: t2,l mg 02
CORSEnable: 1
AllowOrigin: *

